2017-07-12 22:35:34,003  INFO AbstractContextLoader:242 - Could not detect default resource locations for test class [com.didispace.ApplicationTests]: no resource found for suffixes {-context.xml, Context.groovy}.
2017-07-12 22:35:34,028  INFO DefaultTestContextBootstrapper:259 - Loaded default TestExecutionListener class names from location [META-INF/spring.factories]: [org.springframework.test.context.web.ServletTestExecutionListener, org.springframework.test.context.support.DirtiesContextBeforeModesTestExecutionListener, org.springframework.test.context.support.DependencyInjectionTestExecutionListener, org.springframework.test.context.support.DirtiesContextTestExecutionListener, org.springframework.test.context.transaction.TransactionalTestExecutionListener, org.springframework.test.context.jdbc.SqlScriptsTestExecutionListener]
2017-07-12 22:35:34,034  INFO DefaultTestContextBootstrapper:207 - Could not instantiate TestExecutionListener [org.springframework.test.context.web.ServletTestExecutionListener]. Specify custom listener classes or make the default listener classes (and their required dependencies) available. Offending class: [javax/servlet/ServletContext]
2017-07-12 22:35:34,036  INFO DefaultTestContextBootstrapper:207 - Could not instantiate TestExecutionListener [org.springframework.test.context.transaction.TransactionalTestExecutionListener]. Specify custom listener classes or make the default listener classes (and their required dependencies) available. Offending class: [org/springframework/transaction/interceptor/TransactionAttributeSource]
2017-07-12 22:35:34,037  INFO DefaultTestContextBootstrapper:207 - Could not instantiate TestExecutionListener [org.springframework.test.context.jdbc.SqlScriptsTestExecutionListener]. Specify custom listener classes or make the default listener classes (and their required dependencies) available. Offending class: [org/springframework/transaction/interceptor/TransactionAttribute]
2017-07-12 22:35:34,040  INFO DefaultTestContextBootstrapper:185 - Using TestExecutionListeners: [org.springframework.test.context.support.DirtiesContextBeforeModesTestExecutionListener@17c386de, org.springframework.test.context.support.DependencyInjectionTestExecutionListener@5af97850, org.springframework.test.context.support.DirtiesContextTestExecutionListener@5ef60048]
2017-07-12 22:35:34,590  INFO ApplicationTests:48 - Starting ApplicationTests on PC-20161127XJDY with PID 7604 (E:\github\spring-boot-learning\spring-boot-log4j\target\test-classes started by Administrator in E:\github\spring-boot-learning\spring-boot-log4j)
2017-07-12 22:35:34,591 DEBUG ApplicationTests:51 - Running with Spring Boot v1.3.2.RELEASE, Spring v4.2.4.RELEASE
2017-07-12 22:35:34,591  INFO ApplicationTests:666 - No active profile set, falling back to default profiles: default
2017-07-12 22:35:34,627  INFO AnnotationConfigApplicationContext:578 - Refreshing org.springframework.context.annotation.AnnotationConfigApplicationContext@5d7148e2: startup date [Wed Jul 12 22:35:34 CST 2017]; root of context hierarchy
2017-07-12 22:35:35,115  INFO ApplicationTests:57 - Started ApplicationTests in 0.716 seconds (JVM running for 1.538)
2017-07-12 22:35:35,121  INFO ApplicationTests:18 - 输出info
2017-07-12 22:35:35,122 DEBUG ApplicationTests:19 - 输出debug
2017-07-12 22:35:35,122 ERROR ApplicationTests:20 - 输出error
2017-07-12 22:35:35,124  INFO AnnotationConfigApplicationContext:960 - Closing org.springframework.context.annotation.AnnotationConfigApplicationContext@5d7148e2: startup date [Wed Jul 12 22:35:34 CST 2017]; root of context hierarchy
2017-07-12 22:40:12,262  INFO AbstractContextLoader:242 - Could not detect default resource locations for test class [com.didispace.ApplicationTests]: no resource found for suffixes {-context.xml, Context.groovy}.
2017-07-12 22:40:12,274  INFO DefaultTestContextBootstrapper:259 - Loaded default TestExecutionListener class names from location [META-INF/spring.factories]: [org.springframework.test.context.web.ServletTestExecutionListener, org.springframework.test.context.support.DirtiesContextBeforeModesTestExecutionListener, org.springframework.test.context.support.DependencyInjectionTestExecutionListener, org.springframework.test.context.support.DirtiesContextTestExecutionListener, org.springframework.test.context.transaction.TransactionalTestExecutionListener, org.springframework.test.context.jdbc.SqlScriptsTestExecutionListener]
2017-07-12 22:40:12,278  INFO DefaultTestContextBootstrapper:207 - Could not instantiate TestExecutionListener [org.springframework.test.context.web.ServletTestExecutionListener]. Specify custom listener classes or make the default listener classes (and their required dependencies) available. Offending class: [javax/servlet/ServletContext]
2017-07-12 22:40:12,279  INFO DefaultTestContextBootstrapper:207 - Could not instantiate TestExecutionListener [org.springframework.test.context.transaction.TransactionalTestExecutionListener]. Specify custom listener classes or make the default listener classes (and their required dependencies) available. Offending class: [org/springframework/transaction/interceptor/TransactionAttributeSource]
2017-07-12 22:40:12,280  INFO DefaultTestContextBootstrapper:207 - Could not instantiate TestExecutionListener [org.springframework.test.context.jdbc.SqlScriptsTestExecutionListener]. Specify custom listener classes or make the default listener classes (and their required dependencies) available. Offending class: [org/springframework/transaction/interceptor/TransactionAttribute]
2017-07-12 22:40:12,281  INFO DefaultTestContextBootstrapper:185 - Using TestExecutionListeners: [org.springframework.test.context.support.DirtiesContextBeforeModesTestExecutionListener@17c386de, org.springframework.test.context.support.DependencyInjectionTestExecutionListener@5af97850, org.springframework.test.context.support.DirtiesContextTestExecutionListener@5ef60048]
2017-07-12 22:40:12,558  INFO ApplicationTests:48 - Starting ApplicationTests on PC-20161127XJDY with PID 10224 (E:\github\spring-boot-learning\spring-boot-log4j\target\test-classes started by Administrator in E:\github\spring-boot-learning\spring-boot-log4j)
2017-07-12 22:40:12,558  INFO ApplicationTests:670 - The following profiles are active: dev
2017-07-12 22:40:12,589  INFO AnnotationConfigApplicationContext:578 - Refreshing org.springframework.context.annotation.AnnotationConfigApplicationContext@2c35e847: startup date [Wed Jul 12 22:40:12 CST 2017]; root of context hierarchy
2017-07-12 22:40:13,053  INFO ApplicationTests:57 - Started ApplicationTests in 0.687 seconds (JVM running for 1.137)
2017-07-12 22:40:13,059  INFO ApplicationTests:18 - 输出info
2017-07-12 22:40:13,060 ERROR ApplicationTests:20 - 输出error
2017-07-12 22:40:13,062  INFO AnnotationConfigApplicationContext:960 - Closing org.springframework.context.annotation.AnnotationConfigApplicationContext@2c35e847: startup date [Wed Jul 12 22:40:12 CST 2017]; root of context hierarchy
